<?xml version="1.0" encoding="UTF-8"?>
<!-- Generated by org.testng.reporters.JUnitXMLReporter -->
<testsuite ignored="0" hostname="DESKTOP-QNHJ5Q7" failures="0" tests="3" name="Default test" time="0.078" errors="0" timestamp="2022-06-29T23:35:50 PDT">
  <testcase classname="FristTestCaseJunit.TestNGOrderExecution" name="display" time="0.005"/>
  <testcase classname="FristTestCaseJunit.TestNGOrderExecution" name="validate" time="0.001"/>
  <testcase classname="FristTestCaseJunit.TestNGOrderExecution" name="verify" time="0.005"/>
</testsuite> <!-- Default test -->
