<?xml version="1.0" encoding="UTF-8"?>
<testng-results ignored="0" total="3" passed="3" failed="0" skipped="0">
  <reporter-output>
  </reporter-output>
  <suite started-at="2022-06-29T23:35:50 PDT" name="Default suite" finished-at="2022-06-29T23:35:50 PDT" duration-ms="78">
    <groups>
    </groups>
    <test started-at="2022-06-29T23:35:50 PDT" name="Default test" finished-at="2022-06-29T23:35:50 PDT" duration-ms="78">
      <class name="FristTestCaseJunit.TestNGOrderExecution">
        <test-method is-config="true" signature="open()[pri:0, instance:FristTestCaseJunit.TestNGOrderExecution@247d8ae]" started-at="2022-06-29T23:35:50 PDT" name="open" finished-at="2022-06-29T23:35:50 PDT" duration-ms="8" status="PASS">
          <reporter-output>
          </reporter-output>
        </test-method> <!-- open -->
        <test-method is-config="true" signature="openAll()[pri:0, instance:FristTestCaseJunit.TestNGOrderExecution@247d8ae]" started-at="2022-06-29T23:35:50 PDT" name="openAll" finished-at="2022-06-29T23:35:50 PDT" duration-ms="1" status="PASS">
          <reporter-output>
          </reporter-output>
        </test-method> <!-- openAll -->
        <test-method is-config="true" signature="openAllwindows()[pri:0, instance:FristTestCaseJunit.TestNGOrderExecution@247d8ae]" started-at="2022-06-29T23:35:50 PDT" name="openAllwindows" finished-at="2022-06-29T23:35:50 PDT" duration-ms="1" status="PASS">
          <reporter-output>
          </reporter-output>
        </test-method> <!-- openAllwindows -->
        <test-method signature="display()[pri:0, instance:FristTestCaseJunit.TestNGOrderExecution@247d8ae]" started-at="2022-06-29T23:35:50 PDT" name="display" finished-at="2022-06-29T23:35:50 PDT" duration-ms="5" status="PASS">
          <reporter-output>
          </reporter-output>
        </test-method> <!-- display -->
        <test-method is-config="true" signature="closeAllwindows()[pri:0, instance:FristTestCaseJunit.TestNGOrderExecution@247d8ae]" started-at="2022-06-29T23:35:50 PDT" name="closeAllwindows" finished-at="2022-06-29T23:35:50 PDT" duration-ms="1" status="PASS">
          <reporter-output>
          </reporter-output>
        </test-method> <!-- closeAllwindows -->
        <test-method is-config="true" signature="openAllwindows()[pri:0, instance:FristTestCaseJunit.TestNGOrderExecution@247d8ae]" started-at="2022-06-29T23:35:50 PDT" name="openAllwindows" finished-at="2022-06-29T23:35:50 PDT" duration-ms="0" status="PASS">
          <reporter-output>
          </reporter-output>
        </test-method> <!-- openAllwindows -->
        <test-method signature="validate()[pri:0, instance:FristTestCaseJunit.TestNGOrderExecution@247d8ae]" started-at="2022-06-29T23:35:50 PDT" name="validate" finished-at="2022-06-29T23:35:50 PDT" duration-ms="1" status="PASS">
          <reporter-output>
          </reporter-output>
        </test-method> <!-- validate -->
        <test-method is-config="true" signature="closeAllwindows()[pri:0, instance:FristTestCaseJunit.TestNGOrderExecution@247d8ae]" started-at="2022-06-29T23:35:50 PDT" name="closeAllwindows" finished-at="2022-06-29T23:35:50 PDT" duration-ms="1" status="PASS">
          <reporter-output>
          </reporter-output>
        </test-method> <!-- closeAllwindows -->
        <test-method is-config="true" signature="openAllwindows()[pri:0, instance:FristTestCaseJunit.TestNGOrderExecution@247d8ae]" started-at="2022-06-29T23:35:50 PDT" name="openAllwindows" finished-at="2022-06-29T23:35:50 PDT" duration-ms="1" status="PASS">
          <reporter-output>
          </reporter-output>
        </test-method> <!-- openAllwindows -->
        <test-method signature="verify()[pri:0, instance:FristTestCaseJunit.TestNGOrderExecution@247d8ae]" started-at="2022-06-29T23:35:50 PDT" name="verify" finished-at="2022-06-29T23:35:50 PDT" duration-ms="5" status="PASS">
          <reporter-output>
          </reporter-output>
        </test-method> <!-- verify -->
        <test-method is-config="true" signature="closeAllwindows()[pri:0, instance:FristTestCaseJunit.TestNGOrderExecution@247d8ae]" started-at="2022-06-29T23:35:50 PDT" name="closeAllwindows" finished-at="2022-06-29T23:35:50 PDT" duration-ms="0" status="PASS">
          <reporter-output>
          </reporter-output>
        </test-method> <!-- closeAllwindows -->
        <test-method is-config="true" signature="closeAll()[pri:0, instance:FristTestCaseJunit.TestNGOrderExecution@247d8ae]" started-at="2022-06-29T23:35:50 PDT" name="closeAll" finished-at="2022-06-29T23:35:50 PDT" duration-ms="0" status="PASS">
          <reporter-output>
          </reporter-output>
        </test-method> <!-- closeAll -->
        <test-method is-config="true" signature="close()[pri:0, instance:FristTestCaseJunit.TestNGOrderExecution@247d8ae]" started-at="2022-06-29T23:35:50 PDT" name="close" finished-at="2022-06-29T23:35:50 PDT" duration-ms="0" status="PASS">
          <reporter-output>
          </reporter-output>
        </test-method> <!-- close -->
      </class> <!-- FristTestCaseJunit.TestNGOrderExecution -->
    </test> <!-- Default test -->
  </suite> <!-- Default suite -->
</testng-results>
